Analysis & Synthesis report for Sinalizadora
Thu Jul 06 20:44:21 2023
Quartus II 64-Bit Version 13.0.1 Build 232 06/12/2013 Service Pack 1 SJ Web Edition


---------------------
; Table of Contents ;
---------------------
  1. Legal Notice
  2. Analysis & Synthesis Summary
  3. Analysis & Synthesis Settings
  4. Parallel Compilation
  5. Analysis & Synthesis Source Files Read
  6. Analysis & Synthesis Resource Usage Summary
  7. Analysis & Synthesis Resource Utilization by Entity
  8. State Machine - |Sinalizadora|Controladora:controladora_inst|state
  9. User-Specified and Inferred Latches
 10. Registers Removed During Synthesis
 11. General Register Statistics
 12. Multiplexer Restructuring Statistics (Restructuring Performed)
 13. Parameter Settings for User Entity Instance: MaquinaDeCafe:datapath|reg_dinheiro:registrador
 14. Parameter Settings for User Entity Instance: MaquinaDeCafe:datapath|Seletor:selet_bebida
 15. Parameter Settings for User Entity Instance: MaquinaDeCafe:datapath|Seletor:selet_tamanho
 16. Parameter Settings for User Entity Instance: MaquinaDeCafe:datapath|Seletor:selet_temperatura
 17. Port Connectivity Checks: "Controladora:controladora_inst"
 18. Port Connectivity Checks: "MaquinaDeCafe:datapath|reg_dinheiro:registrador"
 19. Port Connectivity Checks: "MaquinaDeCafe:datapath|mux_troco:multiplexador"
 20. Elapsed Time Per Partition
 21. Analysis & Synthesis Messages



----------------
; Legal Notice ;
----------------
Copyright (C) 1991-2013 Altera Corporation
Your use of Altera Corporation's design tools, logic functions 
and other software and tools, and its AMPP partner logic 
functions, and any output files from any of the foregoing 
(including device programming or simulation files), and any 
associated documentation or information are expressly subject 
to the terms and conditions of the Altera Program License 
Subscription Agreement, Altera MegaCore Function License 
Agreement, or other applicable license agreement, including, 
without limitation, that your use is for the sole purpose of 
programming logic devices manufactured by Altera and sold by 
Altera or its authorized distributors.  Please refer to the 
applicable agreement for further details.



+--------------------------------------------------------------------------------------+
; Analysis & Synthesis Summary                                                         ;
+------------------------------------+-------------------------------------------------+
; Analysis & Synthesis Status        ; Successful - Thu Jul 06 20:44:21 2023           ;
; Quartus II 64-Bit Version          ; 13.0.1 Build 232 06/12/2013 SP 1 SJ Web Edition ;
; Revision Name                      ; Sinalizadora                                    ;
; Top-level Entity Name              ; Sinalizadora                                    ;
; Family                             ; Cyclone II                                      ;
; Total logic elements               ; 46                                              ;
;     Total combinational functions  ; 43                                              ;
;     Dedicated logic registers      ; 18                                              ;
; Total registers                    ; 18                                              ;
; Total pins                         ; 40                                              ;
; Total virtual pins                 ; 0                                               ;
; Total memory bits                  ; 0                                               ;
; Embedded Multiplier 9-bit elements ; 0                                               ;
; Total PLLs                         ; 0                                               ;
+------------------------------------+-------------------------------------------------+


+----------------------------------------------------------------------------------------------------------------------+
; Analysis & Synthesis Settings                                                                                        ;
+----------------------------------------------------------------------------+--------------------+--------------------+
; Option                                                                     ; Setting            ; Default Value      ;
+----------------------------------------------------------------------------+--------------------+--------------------+
; Device                                                                     ; EP2C35F672C6       ;                    ;
; Top-level entity name                                                      ; Sinalizadora       ; Sinalizadora       ;
; Family name                                                                ; Cyclone II         ; Cyclone IV GX      ;
; Use smart compilation                                                      ; Off                ; Off                ;
; Enable parallel Assembler and TimeQuest Timing Analyzer during compilation ; On                 ; On                 ;
; Enable compact report table                                                ; Off                ; Off                ;
; Restructure Multiplexers                                                   ; Auto               ; Auto               ;
; Create Debugging Nodes for IP Cores                                        ; Off                ; Off                ;
; Preserve fewer node names                                                  ; On                 ; On                 ;
; Disable OpenCore Plus hardware evaluation                                  ; Off                ; Off                ;
; Verilog Version                                                            ; Verilog_2001       ; Verilog_2001       ;
; VHDL Version                                                               ; VHDL_1993          ; VHDL_1993          ;
; State Machine Processing                                                   ; Auto               ; Auto               ;
; Safe State Machine                                                         ; Off                ; Off                ;
; Extract Verilog State Machines                                             ; On                 ; On                 ;
; Extract VHDL State Machines                                                ; On                 ; On                 ;
; Ignore Verilog initial constructs                                          ; Off                ; Off                ;
; Iteration limit for constant Verilog loops                                 ; 5000               ; 5000               ;
; Iteration limit for non-constant Verilog loops                             ; 250                ; 250                ;
; Add Pass-Through Logic to Inferred RAMs                                    ; On                 ; On                 ;
; Infer RAMs from Raw Logic                                                  ; On                 ; On                 ;
; Parallel Synthesis                                                         ; On                 ; On                 ;
; DSP Block Balancing                                                        ; Auto               ; Auto               ;
; NOT Gate Push-Back                                                         ; On                 ; On                 ;
; Power-Up Don't Care                                                        ; On                 ; On                 ;
; Remove Redundant Logic Cells                                               ; Off                ; Off                ;
; Remove Duplicate Registers                                                 ; On                 ; On                 ;
; Ignore CARRY Buffers                                                       ; Off                ; Off                ;
; Ignore CASCADE Buffers                                                     ; Off                ; Off                ;
; Ignore GLOBAL Buffers                                                      ; Off                ; Off                ;
; Ignore ROW GLOBAL Buffers                                                  ; Off                ; Off                ;
; Ignore LCELL Buffers                                                       ; Off                ; Off                ;
; Ignore SOFT Buffers                                                        ; On                 ; On                 ;
; Limit AHDL Integers to 32 Bits                                             ; Off                ; Off                ;
; Optimization Technique                                                     ; Balanced           ; Balanced           ;
; Carry Chain Length                                                         ; 70                 ; 70                 ;
; Auto Carry Chains                                                          ; On                 ; On                 ;
; Auto Open-Drain Pins                                                       ; On                 ; On                 ;
; Perform WYSIWYG Primitive Resynthesis                                      ; Off                ; Off                ;
; Auto ROM Replacement                                                       ; On                 ; On                 ;
; Auto RAM Replacement                                                       ; On                 ; On                 ;
; Auto Shift Register Replacement                                            ; Auto               ; Auto               ;
; Allow Shift Register Merging across Hierarchies                            ; Auto               ; Auto               ;
; Auto Clock Enable Replacement                                              ; On                 ; On                 ;
; Strict RAM Replacement                                                     ; Off                ; Off                ;
; Allow Synchronous Control Signals                                          ; On                 ; On                 ;
; Force Use of Synchronous Clear Signals                                     ; Off                ; Off                ;
; Auto RAM to Logic Cell Conversion                                          ; Off                ; Off                ;
; Auto Resource Sharing                                                      ; Off                ; Off                ;
; Allow Any RAM Size For Recognition                                         ; Off                ; Off                ;
; Allow Any ROM Size For Recognition                                         ; Off                ; Off                ;
; Allow Any Shift Register Size For Recognition                              ; Off                ; Off                ;
; Use LogicLock Constraints during Resource Balancing                        ; On                 ; On                 ;
; Ignore translate_off and synthesis_off directives                          ; Off                ; Off                ;
; Timing-Driven Synthesis                                                    ; Off                ; Off                ;
; Report Parameter Settings                                                  ; On                 ; On                 ;
; Report Source Assignments                                                  ; On                 ; On                 ;
; Report Connectivity Checks                                                 ; On                 ; On                 ;
; Ignore Maximum Fan-Out Assignments                                         ; Off                ; Off                ;
; Synchronization Register Chain Length                                      ; 2                  ; 2                  ;
; PowerPlay Power Optimization                                               ; Normal compilation ; Normal compilation ;
; HDL message level                                                          ; Level2             ; Level2             ;
; Suppress Register Optimization Related Messages                            ; Off                ; Off                ;
; Number of Removed Registers Reported in Synthesis Report                   ; 5000               ; 5000               ;
; Number of Swept Nodes Reported in Synthesis Report                         ; 5000               ; 5000               ;
; Number of Inverted Registers Reported in Synthesis Report                  ; 100                ; 100                ;
; Clock MUX Protection                                                       ; On                 ; On                 ;
; Auto Gated Clock Conversion                                                ; Off                ; Off                ;
; Block Design Naming                                                        ; Auto               ; Auto               ;
; SDC constraint protection                                                  ; Off                ; Off                ;
; Synthesis Effort                                                           ; Auto               ; Auto               ;
; Shift Register Replacement - Allow Asynchronous Clear Signal               ; On                 ; On                 ;
; Pre-Mapping Resynthesis Optimization                                       ; Off                ; Off                ;
; Analysis & Synthesis Message Level                                         ; Medium             ; Medium             ;
; Disable Register Merging Across Hierarchies                                ; Auto               ; Auto               ;
; Resource Aware Inference For Block RAM                                     ; On                 ; On                 ;
; Synthesis Seed                                                             ; 1                  ; 1                  ;
+----------------------------------------------------------------------------+--------------------+--------------------+


Parallel compilation was disabled, but you have multiple processors available. Enable parallel compilation to reduce compilation time.
+-------------------------------------+
; Parallel Compilation                ;
+----------------------------+--------+
; Processors                 ; Number ;
+----------------------------+--------+
; Number detected on machine ; 4      ;
; Maximum allowed            ; 1      ;
+----------------------------+--------+


+-----------------------------------------------------------------------------------------------------------------------------------------------------------------------------------------------+
; Analysis & Synthesis Source Files Read                                                                                                                                                        ;
+------------------------------------------------------+-----------------+-----------------------+------------------------------------------------------------------------------------+---------+
; File Name with User-Entered Path                     ; Used in Netlist ; File Type             ; File Name with Absolute Path                                                       ; Library ;
+------------------------------------------------------+-----------------+-----------------------+------------------------------------------------------------------------------------+---------+
; ../Componentes/Seletor/seletor.vhd                   ; yes             ; User VHDL File        ; C:/altera/13.0sp1/Trabalho Final/Componentes/Seletor/seletor.vhd                   ;         ;
; ../Componentes/subtrator_troco/subtrator_troco.vhd   ; yes             ; User VHDL File        ; C:/altera/13.0sp1/Trabalho Final/Componentes/subtrator_troco/subtrator_troco.vhd   ;         ;
; ../Componentes/somador_dinheiro/somador_dinheiro.vhd ; yes             ; User VHDL File        ; C:/altera/13.0sp1/Trabalho Final/Componentes/somador_dinheiro/somador_dinheiro.vhd ;         ;
; ../Componentes/reg_dinheiro/reg_dinheiro.vhd         ; yes             ; User VHDL File        ; C:/altera/13.0sp1/Trabalho Final/Componentes/reg_dinheiro/reg_dinheiro.vhd         ;         ;
; ../Componentes/mux_troco/mux_troco.vhd               ; yes             ; User VHDL File        ; C:/altera/13.0sp1/Trabalho Final/Componentes/mux_troco/mux_troco.vhd               ;         ;
; ../Componentes/decod_bebida/decod_bebida.vhd         ; yes             ; User VHDL File        ; C:/altera/13.0sp1/Trabalho Final/Componentes/decod_bebida/decod_bebida.vhd         ;         ;
; ../Componentes/comparador_troco/comparador_troco.vhd ; yes             ; User VHDL File        ; C:/altera/13.0sp1/Trabalho Final/Componentes/comparador_troco/comparador_troco.vhd ;         ;
; ../Controladora/controladora.vhd                     ; yes             ; User VHDL File        ; C:/altera/13.0sp1/Trabalho Final/Controladora/controladora.vhd                     ;         ;
; ../Caminho de Dados/MaquinaDeCafe.vhd                ; yes             ; User VHDL File        ; C:/altera/13.0sp1/Trabalho Final/Caminho de Dados/MaquinaDeCafe.vhd                ;         ;
; sinalizadora.vhd                                     ; yes             ; Auto-Found VHDL File  ; C:/altera/13.0sp1/Trabalho Final/Sinalizadora/sinalizadora.vhd                     ;         ;
+------------------------------------------------------+-----------------+-----------------------+------------------------------------------------------------------------------------+---------+


+-----------------------------------------------------+
; Analysis & Synthesis Resource Usage Summary         ;
+---------------------------------------------+-------+
; Resource                                    ; Usage ;
+---------------------------------------------+-------+
; Estimated Total logic elements              ; 46    ;
;                                             ;       ;
; Total combinational functions               ; 43    ;
; Logic element usage by number of LUT inputs ;       ;
;     -- 4 input functions                    ; 9     ;
;     -- 3 input functions                    ; 14    ;
;     -- <=2 input functions                  ; 20    ;
;                                             ;       ;
; Logic elements by mode                      ;       ;
;     -- normal mode                          ; 38    ;
;     -- arithmetic mode                      ; 5     ;
;                                             ;       ;
; Total registers                             ; 18    ;
;     -- Dedicated logic registers            ; 18    ;
;     -- I/O registers                        ; 0     ;
;                                             ;       ;
; I/O pins                                    ; 40    ;
; Embedded Multiplier 9-bit elements          ; 0     ;
; Maximum fan-out node                        ; clk   ;
; Maximum fan-out                             ; 11    ;
; Total fan-out                               ; 185   ;
; Average fan-out                             ; 1.83  ;
+---------------------------------------------+-------+


+----------------------------------------------------------------------------------------------------------------------------------------------------------------------------------------------------------------------------------+
; Analysis & Synthesis Resource Utilization by Entity                                                                                                                                                                              ;
+-------------------------------------+-------------------+--------------+-------------+--------------+---------+-----------+------+--------------+-----------------------------------------------------------------+--------------+
; Compilation Hierarchy Node          ; LC Combinationals ; LC Registers ; Memory Bits ; DSP Elements ; DSP 9x9 ; DSP 18x18 ; Pins ; Virtual Pins ; Full Hierarchy Name                                             ; Library Name ;
+-------------------------------------+-------------------+--------------+-------------+--------------+---------+-----------+------+--------------+-----------------------------------------------------------------+--------------+
; |Sinalizadora                       ; 43 (0)            ; 18 (0)       ; 0           ; 0            ; 0       ; 0         ; 40   ; 0            ; |Sinalizadora                                                   ; work         ;
;    |Controladora:controladora_inst| ; 9 (9)             ; 11 (11)      ; 0           ; 0            ; 0       ; 0         ; 0    ; 0            ; |Sinalizadora|Controladora:controladora_inst                    ; work         ;
;    |MaquinaDeCafe:datapath|         ; 34 (0)            ; 7 (0)        ; 0           ; 0            ; 0       ; 0         ; 0    ; 0            ; |Sinalizadora|MaquinaDeCafe:datapath                            ; work         ;
;       |Seletor:selet_bebida|        ; 3 (3)             ; 3 (3)        ; 0           ; 0            ; 0       ; 0         ; 0    ; 0            ; |Sinalizadora|MaquinaDeCafe:datapath|Seletor:selet_bebida       ; work         ;
;       |Seletor:selet_tamanho|       ; 2 (2)             ; 2 (2)        ; 0           ; 0            ; 0       ; 0         ; 0    ; 0            ; |Sinalizadora|MaquinaDeCafe:datapath|Seletor:selet_tamanho      ; work         ;
;       |Seletor:selet_temperatura|   ; 2 (2)             ; 2 (2)        ; 0           ; 0            ; 0       ; 0         ; 0    ; 0            ; |Sinalizadora|MaquinaDeCafe:datapath|Seletor:selet_temperatura  ; work         ;
;       |decod_bebida:decodificador|  ; 15 (15)           ; 0 (0)        ; 0           ; 0            ; 0       ; 0         ; 0    ; 0            ; |Sinalizadora|MaquinaDeCafe:datapath|decod_bebida:decodificador ; work         ;
;       |somador_dinheiro:somador|    ; 6 (6)             ; 0 (0)        ; 0           ; 0            ; 0       ; 0         ; 0    ; 0            ; |Sinalizadora|MaquinaDeCafe:datapath|somador_dinheiro:somador   ; work         ;
;       |subtrator_troco:sub_troco|   ; 6 (6)             ; 0 (0)        ; 0           ; 0            ; 0       ; 0         ; 0    ; 0            ; |Sinalizadora|MaquinaDeCafe:datapath|subtrator_troco:sub_troco  ; work         ;
+-------------------------------------+-------------------+--------------+-------------+--------------+---------+-----------+------+--------------+-----------------------------------------------------------------+--------------+
Note: For table entries with two numbers listed, the numbers in parentheses indicate the number of resources of the given type used by the specific entity alone. The numbers listed outside of parentheses indicate the total resources of the given type used by the specific entity and all of its sub-entities in the hierarchy.


Encoding Type:  One-Hot
+-------------------------------------------------------------------------------------------------------------------------------------+
; State Machine - |Sinalizadora|Controladora:controladora_inst|state                                                                  ;
+-----------+-----------+----------+----------+----------+----------+----------+----------+----------+----------+----------+----------+
; Name      ; state.S10 ; state.S9 ; state.S8 ; state.S7 ; state.S6 ; state.S5 ; state.S4 ; state.S3 ; state.S2 ; state.S1 ; state.S0 ;
+-----------+-----------+----------+----------+----------+----------+----------+----------+----------+----------+----------+----------+
; state.S0  ; 0         ; 0        ; 0        ; 0        ; 0        ; 0        ; 0        ; 0        ; 0        ; 0        ; 0        ;
; state.S1  ; 0         ; 0        ; 0        ; 0        ; 0        ; 0        ; 0        ; 0        ; 0        ; 1        ; 1        ;
; state.S2  ; 0         ; 0        ; 0        ; 0        ; 0        ; 0        ; 0        ; 0        ; 1        ; 0        ; 1        ;
; state.S3  ; 0         ; 0        ; 0        ; 0        ; 0        ; 0        ; 0        ; 1        ; 0        ; 0        ; 1        ;
; state.S4  ; 0         ; 0        ; 0        ; 0        ; 0        ; 0        ; 1        ; 0        ; 0        ; 0        ; 1        ;
; state.S5  ; 0         ; 0        ; 0        ; 0        ; 0        ; 1        ; 0        ; 0        ; 0        ; 0        ; 1        ;
; state.S6  ; 0         ; 0        ; 0        ; 0        ; 1        ; 0        ; 0        ; 0        ; 0        ; 0        ; 1        ;
; state.S7  ; 0         ; 0        ; 0        ; 1        ; 0        ; 0        ; 0        ; 0        ; 0        ; 0        ; 1        ;
; state.S8  ; 0         ; 0        ; 1        ; 0        ; 0        ; 0        ; 0        ; 0        ; 0        ; 0        ; 1        ;
; state.S9  ; 0         ; 1        ; 0        ; 0        ; 0        ; 0        ; 0        ; 0        ; 0        ; 0        ; 1        ;
; state.S10 ; 1         ; 0        ; 0        ; 0        ; 0        ; 0        ; 0        ; 0        ; 0        ; 0        ; 1        ;
+-----------+-----------+----------+----------+----------+----------+----------+----------+----------+----------+----------+----------+


+------------------------------------------------------------------------------------------------------------------+
; User-Specified and Inferred Latches                                                                              ;
+-------------------------------------------------------------------+---------------------+------------------------+
; Latch Name                                                        ; Latch Enable Signal ; Free of Timing Hazards ;
+-------------------------------------------------------------------+---------------------+------------------------+
; MaquinaDeCafe:datapath|decod_bebida:decodificador|valor_bebida[0] ; GND                 ; yes                    ;
; MaquinaDeCafe:datapath|decod_bebida:decodificador|valor_bebida[1] ; GND                 ; yes                    ;
; MaquinaDeCafe:datapath|decod_bebida:decodificador|valor_bebida[2] ; GND                 ; yes                    ;
; Number of user-specified and inferred latches = 3                 ;                     ;                        ;
+-------------------------------------------------------------------+---------------------+------------------------+
Note: All latches listed above may not be present at the end of synthesis due to various synthesis optimizations.


+----------------------------------------------------------------------------------------------------------------------+
; Registers Removed During Synthesis                                                                                   ;
+-------------------------------------------------------------------------------+--------------------------------------+
; Register name                                                                 ; Reason for Removal                   ;
+-------------------------------------------------------------------------------+--------------------------------------+
; MaquinaDeCafe:datapath|reg_dinheiro:registrador|dinheiro_registrado_reg[0..5] ; Stuck at GND due to stuck port clock ;
; Total Number of Removed Registers = 6                                         ;                                      ;
+-------------------------------------------------------------------------------+--------------------------------------+


+------------------------------------------------------+
; General Register Statistics                          ;
+----------------------------------------------+-------+
; Statistic                                    ; Value ;
+----------------------------------------------+-------+
; Total registers                              ; 18    ;
; Number of registers using Synchronous Clear  ; 0     ;
; Number of registers using Synchronous Load   ; 0     ;
; Number of registers using Asynchronous Clear ; 11    ;
; Number of registers using Asynchronous Load  ; 0     ;
; Number of registers using Clock Enable       ; 0     ;
; Number of registers using Preset             ; 0     ;
+----------------------------------------------+-------+


+-----------------------------------------------------------------------------------------------------------------------------------------------------------------------------------------------+
; Multiplexer Restructuring Statistics (Restructuring Performed)                                                                                                                                ;
+--------------------+-----------+---------------+----------------------+------------------------+------------+---------------------------------------------------------------------------------+
; Multiplexer Inputs ; Bus Width ; Baseline Area ; Area if Restructured ; Saving if Restructured ; Registered ; Example Multiplexer Output                                                      ;
+--------------------+-----------+---------------+----------------------+------------------------+------------+---------------------------------------------------------------------------------+
; 17:1               ; 2 bits    ; 22 LEs        ; 12 LEs               ; 10 LEs                 ; No         ; |Sinalizadora|MaquinaDeCafe:datapath|decod_bebida:decodificador|valor_bebida[2] ;
+--------------------+-----------+---------------+----------------------+------------------------+------------+---------------------------------------------------------------------------------+


+----------------------------------------------------------------------------------------------+
; Parameter Settings for User Entity Instance: MaquinaDeCafe:datapath|reg_dinheiro:registrador ;
+----------------+-------+---------------------------------------------------------------------+
; Parameter Name ; Value ; Type                                                                ;
+----------------+-------+---------------------------------------------------------------------+
; num_bits       ; 6     ; Signed Integer                                                      ;
+----------------+-------+---------------------------------------------------------------------+
Note: In order to hide this table in the UI and the text report file, please set the "Show Parameter Settings in Synthesis Report" option in "Analysis and Synthesis Settings -> More Settings" to "Off".


+------------------------------------------------------------------------------------------+
; Parameter Settings for User Entity Instance: MaquinaDeCafe:datapath|Seletor:selet_bebida ;
+----------------+-------+-----------------------------------------------------------------+
; Parameter Name ; Value ; Type                                                            ;
+----------------+-------+-----------------------------------------------------------------+
; num_bits       ; 3     ; Signed Integer                                                  ;
+----------------+-------+-----------------------------------------------------------------+
Note: In order to hide this table in the UI and the text report file, please set the "Show Parameter Settings in Synthesis Report" option in "Analysis and Synthesis Settings -> More Settings" to "Off".


+-------------------------------------------------------------------------------------------+
; Parameter Settings for User Entity Instance: MaquinaDeCafe:datapath|Seletor:selet_tamanho ;
+----------------+-------+------------------------------------------------------------------+
; Parameter Name ; Value ; Type                                                             ;
+----------------+-------+------------------------------------------------------------------+
; num_bits       ; 2     ; Signed Integer                                                   ;
+----------------+-------+------------------------------------------------------------------+
Note: In order to hide this table in the UI and the text report file, please set the "Show Parameter Settings in Synthesis Report" option in "Analysis and Synthesis Settings -> More Settings" to "Off".


+-----------------------------------------------------------------------------------------------+
; Parameter Settings for User Entity Instance: MaquinaDeCafe:datapath|Seletor:selet_temperatura ;
+----------------+-------+----------------------------------------------------------------------+
; Parameter Name ; Value ; Type                                                                 ;
+----------------+-------+----------------------------------------------------------------------+
; num_bits       ; 2     ; Signed Integer                                                       ;
+----------------+-------+----------------------------------------------------------------------+
Note: In order to hide this table in the UI and the text report file, please set the "Show Parameter Settings in Synthesis Report" option in "Analysis and Synthesis Settings -> More Settings" to "Off".


+-------------------------------------------------------------------------------------------------------------------------------------------------+
; Port Connectivity Checks: "Controladora:controladora_inst"                                                                                      ;
+------------------+--------+----------+----------------------------------------------------------------------------------------------------------+
; Port             ; Type   ; Severity ; Details                                                                                                  ;
+------------------+--------+----------+----------------------------------------------------------------------------------------------------------+
; seleciona_acucar ; Output ; Info     ; Connected to dangling logic. Logic that only feeds a dangling port will be removed.                      ;
; colocar_dinheiro ; Output ; Info     ; Connected to dangling logic. Logic that only feeds a dangling port will be removed.                      ;
; preparar         ; Output ; Info     ; Connected to dangling logic. Logic that only feeds a dangling port will be removed.                      ;
; comecar_preparar ; Output ; Warning  ; Declared by entity but not connected by instance. Logic that only feeds a dangling port will be removed. ;
+------------------+--------+----------+----------------------------------------------------------------------------------------------------------+


+-----------------------------------------------------------------------------+
; Port Connectivity Checks: "MaquinaDeCafe:datapath|reg_dinheiro:registrador" ;
+--------+-------+----------+-------------------------------------------------+
; Port   ; Type  ; Severity ; Details                                         ;
+--------+-------+----------+-------------------------------------------------+
; enable ; Input ; Info     ; Stuck at VCC                                    ;
+--------+-------+----------+-------------------------------------------------+


+--------------------------------------------------------------------------------------------------------------------+
; Port Connectivity Checks: "MaquinaDeCafe:datapath|mux_troco:multiplexador"                                         ;
+----------+--------+----------+-------------------------------------------------------------------------------------+
; Port     ; Type   ; Severity ; Details                                                                             ;
+----------+--------+----------+-------------------------------------------------------------------------------------+
; preparar ; Output ; Info     ; Connected to dangling logic. Logic that only feeds a dangling port will be removed. ;
+----------+--------+----------+-------------------------------------------------------------------------------------+


+-------------------------------+
; Elapsed Time Per Partition    ;
+----------------+--------------+
; Partition Name ; Elapsed Time ;
+----------------+--------------+
; Top            ; 00:00:00     ;
+----------------+--------------+


+-------------------------------+
; Analysis & Synthesis Messages ;
+-------------------------------+
Info: *******************************************************************
Info: Running Quartus II 64-Bit Analysis & Synthesis
    Info: Version 13.0.1 Build 232 06/12/2013 Service Pack 1 SJ Web Edition
    Info: Processing started: Thu Jul 06 20:44:18 2023
Info: Command: quartus_map --read_settings_files=on --write_settings_files=off Sinalizadora -c Sinalizadora
Warning (20028): Parallel compilation is not licensed and has been disabled
Info (12021): Found 2 design units, including 1 entities, in source file tb_sinalizadora.vhd
    Info (12022): Found design unit 1: tb_Sinalizadora-testbench
    Info (12023): Found entity 1: tb_Sinalizadora
Info (12021): Found 2 design units, including 1 entities, in source file /altera/13.0sp1/trabalho final/componentes/seletor/seletor.vhd
    Info (12022): Found design unit 1: Seletor-Behavioral
    Info (12023): Found entity 1: Seletor
Info (12021): Found 2 design units, including 1 entities, in source file /altera/13.0sp1/trabalho final/componentes/subtrator_troco/subtrator_troco.vhd
    Info (12022): Found design unit 1: subtrator_troco-comportamental
    Info (12023): Found entity 1: subtrator_troco
Info (12021): Found 2 design units, including 1 entities, in source file /altera/13.0sp1/trabalho final/componentes/somador_dinheiro/somador_dinheiro.vhd
    Info (12022): Found design unit 1: somador_dinheiro-comportamental
    Info (12023): Found entity 1: somador_dinheiro
Info (12021): Found 2 design units, including 1 entities, in source file /altera/13.0sp1/trabalho final/componentes/reg_dinheiro/reg_dinheiro.vhd
    Info (12022): Found design unit 1: reg_dinheiro-rtl
    Info (12023): Found entity 1: reg_dinheiro
Info (12021): Found 2 design units, including 1 entities, in source file /altera/13.0sp1/trabalho final/componentes/mux_troco/mux_troco.vhd
    Info (12022): Found design unit 1: mux_troco-rtl
    Info (12023): Found entity 1: mux_troco
Info (12021): Found 2 design units, including 1 entities, in source file /altera/13.0sp1/trabalho final/componentes/decod_bebida/decod_bebida.vhd
    Info (12022): Found design unit 1: decod_bebida-Behavioral
    Info (12023): Found entity 1: decod_bebida
Info (12021): Found 2 design units, including 1 entities, in source file /altera/13.0sp1/trabalho final/componentes/comparador_troco/comparador_troco.vhd
    Info (12022): Found design unit 1: comparador_troco-comportamental
    Info (12023): Found entity 1: comparador_troco
Info (12021): Found 2 design units, including 1 entities, in source file /altera/13.0sp1/trabalho final/controladora/controladora.vhd
    Info (12022): Found design unit 1: Controladora-rtl
    Info (12023): Found entity 1: Controladora
Info (12021): Found 2 design units, including 1 entities, in source file /altera/13.0sp1/trabalho final/caminho de dados/maquinadecafe.vhd
    Info (12022): Found design unit 1: MaquinaDeCafe-Behavioral
    Info (12023): Found entity 1: MaquinaDeCafe
Warning (12125): Using design file sinalizadora.vhd, which is not specified as a design file for the current project, but contains definitions for 2 design units and 1 entities in project
    Info (12022): Found design unit 1: Sinalizadora-Behavioral
    Info (12023): Found entity 1: Sinalizadora
Info (12127): Elaborating entity "Sinalizadora" for the top level hierarchy
Warning (10036): Verilog HDL or VHDL warning at sinalizadora.vhd(71): object "dinheiro_signal" assigned a value but never read
Info (12128): Elaborating entity "MaquinaDeCafe" for hierarchy "MaquinaDeCafe:datapath"
Warning (10036): Verilog HDL or VHDL warning at MaquinaDeCafe.vhd(97): object "preparar_signal" assigned a value but never read
Warning (10541): VHDL Signal Declaration warning at MaquinaDeCafe.vhd(107): used implicit default value for signal "clock" because signal was never assigned a value or an explicit default value. Use of implicit default value may introduce unintended design optimizations.
Info (12128): Elaborating entity "subtrator_troco" for hierarchy "MaquinaDeCafe:datapath|subtrator_troco:sub_troco"
Info (12128): Elaborating entity "somador_dinheiro" for hierarchy "MaquinaDeCafe:datapath|somador_dinheiro:somador"
Info (12128): Elaborating entity "mux_troco" for hierarchy "MaquinaDeCafe:datapath|mux_troco:multiplexador"
Info (12128): Elaborating entity "comparador_troco" for hierarchy "MaquinaDeCafe:datapath|comparador_troco:comparador"
Info (12128): Elaborating entity "decod_bebida" for hierarchy "MaquinaDeCafe:datapath|decod_bebida:decodificador"
Warning (10631): VHDL Process Statement warning at decod_bebida.vhd(12): inferring latch(es) for signal or variable "valor_bebida", which holds its previous value in one or more paths through the process
Info (10041): Inferred latch for "valor_bebida[0]" at decod_bebida.vhd(12)
Info (10041): Inferred latch for "valor_bebida[1]" at decod_bebida.vhd(12)
Info (10041): Inferred latch for "valor_bebida[2]" at decod_bebida.vhd(12)
Info (12128): Elaborating entity "reg_dinheiro" for hierarchy "MaquinaDeCafe:datapath|reg_dinheiro:registrador"
Info (12128): Elaborating entity "Seletor" for hierarchy "MaquinaDeCafe:datapath|Seletor:selet_bebida"
Info (12128): Elaborating entity "Seletor" for hierarchy "MaquinaDeCafe:datapath|Seletor:selet_tamanho"
Info (12128): Elaborating entity "Controladora" for hierarchy "Controladora:controladora_inst"
Warning (10541): VHDL Signal Declaration warning at controladora.vhd(12): used implicit default value for signal "comecar_preparar" because signal was never assigned a value or an explicit default value. Use of implicit default value may introduce unintended design optimizations.
Warning (10492): VHDL Process Statement warning at controladora.vhd(52): signal "start" is read inside the Process Statement but isn't in the Process Statement's sensitivity list
Warning (10492): VHDL Process Statement warning at controladora.vhd(66): signal "cancelar" is read inside the Process Statement but isn't in the Process Statement's sensitivity list
Warning (10492): VHDL Process Statement warning at controladora.vhd(80): signal "cancelar" is read inside the Process Statement but isn't in the Process Statement's sensitivity list
Warning (10492): VHDL Process Statement warning at controladora.vhd(94): signal "cancelar" is read inside the Process Statement but isn't in the Process Statement's sensitivity list
Warning (10492): VHDL Process Statement warning at controladora.vhd(108): signal "cancelar" is read inside the Process Statement but isn't in the Process Statement's sensitivity list
Warning (10492): VHDL Process Statement warning at controladora.vhd(124): signal "validade_compra" is read inside the Process Statement but isn't in the Process Statement's sensitivity list
Warning (12241): 1 hierarchies have connectivity warnings - see the Connectivity Checks report folder
Info (16010): Generating hard_block partition "hard_block:auto_generated_inst"
    Info (16011): Adding 0 node(s), including 0 DDIO, 0 PLL, 0 transceiver and 0 LCELL
Info (21057): Implemented 86 device resources after synthesis - the final resource count might be different
    Info (21058): Implemented 18 input pins
    Info (21059): Implemented 22 output pins
    Info (21061): Implemented 46 logic cells
Info: Quartus II 64-Bit Analysis & Synthesis was successful. 0 errors, 14 warnings
    Info: Peak virtual memory: 4642 megabytes
    Info: Processing ended: Thu Jul 06 20:44:21 2023
    Info: Elapsed time: 00:00:03
    Info: Total CPU time (on all processors): 00:00:01


